<?xml version="1.0" encoding="UTF-8"?>
<!-- Generated by org.testng.reporters.JUnitReportReporter -->
<testsuite skipped="0" hostname="LuckyShineys-MacBook-Air.local" name="mavenProject.test.SignInPageTest" tests="1" failures="0" timestamp="2020-05-15T21:52:28 IST" time="2.806" errors="0">
  <testcase name="signIn" time="2.806" classname="mavenProject.test.SignInPageTest"/>
</testsuite> <!-- mavenProject.test.SignInPageTest -->
